2007/03/06 15:52:51 DropFile:	C:\Program Files\SourceTec\Sothink Glanda\Resource\default\Shapes\Love and Wedding\shape29.gls
2007/03/06 15:56:46 DropFile:	C:\Program Files\SourceTec\Sothink Glanda\Resource\default\Shapes\Love and Wedding\shape29.gls
2007/03/06 16:01:01 DropFile:	C:\Program Files\SourceTec\Sothink Glanda\Resource\default\Shapes\Love and Wedding\shape29w.gls
2007/03/06 16:05:35 DropFile:	C:\Program Files\SourceTec\Sothink Glanda\Resource\default\Shapes\Love and Wedding\shape43.gls
2007/03/06 16:06:19 DropFile:	C:\Program Files\SourceTec\Sothink Glanda\Resource\default\Shapes\Love and Wedding\shape29.gls
2007/03/06 16:06:53 DropFile:	C:\Program Files\SourceTec\Sothink Glanda\Resource\default\Shapes\Love and Wedding\shape22.gls
2007/03/06 16:06:55 DropFile:	C:\Program Files\SourceTec\Sothink Glanda\Resource\default\Shapes\Love and Wedding\shape29.gls
2007/03/06 16:06:57 DropFile:	C:\Program Files\SourceTec\Sothink Glanda\Resource\default\Shapes\Love and Wedding\shape43.gls
2007/03/06 16:11:22 DropFile:	C:\Program Files\SourceTec\Sothink Glanda\Resource\default\Shapes\Love and Wedding\shape22.gls
2007/03/06 16:14:56 DropFile:	C:\Program Files\SourceTec\Sothink Glanda\Resource\default\Shapes\Love and Wedding\shape22.gls
2007/03/06 16:14:58 DropFile:	C:\Program Files\SourceTec\Sothink Glanda\Resource\default\Shapes\Love and Wedding\shape43.gls
2007/03/06 16:33:36 DropFile:	C:\Program Files\SourceTec\Sothink Glanda\Resource\default\Shapes\Love and Wedding\shape43.gls
2007/03/06 16:50:27 DropFile:	C:\Program Files\SourceTec\Sothink Glanda\Resource\default\Shapes\Love and Wedding\shape29.gls
2007/03/06 16:50:29 DropFile:	C:\Program Files\SourceTec\Sothink Glanda\Resource\default\Shapes\Love and Wedding\shape29w.gls
2007/03/06 16:54:17 DropFile:	C:\Program Files\SourceTec\Sothink Glanda\Resource\default\Shapes\Love and Wedding\shape43.gls
2007/03/07 11:02:19 DropFile:	C:\Program Files\SourceTec\Sothink Glanda\Resource\default\Buttons\classic\007.glb
2007/03/07 11:02:20 DropFile:	C:\Program Files\SourceTec\Sothink Glanda\Resource\default\Buttons\classic\ashimmer.glb
2007/03/07 11:27:12 DropFile:	C:\Program Files\SourceTec\Sothink Glanda\Resource\default\Shapes\shape\ashape20.gls
2007/03/07 11:28:21 DropFile:	C:\Program Files\SourceTec\Sothink Glanda\Resource\default\Buttons\group\diffusebutton1.glb
2007/03/07 11:29:32 DropFile:	C:\Program Files\SourceTec\Sothink Glanda\Resource\default\Buttons\group\diffusebutton1.glb
2007/03/07 11:29:36 DropFile:	C:\Program Files\SourceTec\Sothink Glanda\Resource\default\Buttons\group\homeleft.glb
2007/03/07 11:29:39 DropFile:	C:\Program Files\SourceTec\Sothink Glanda\Resource\default\Buttons\group\resile1.glb
2007/03/07 11:30:01 DropFile:	C:\Program Files\SourceTec\Sothink Glanda\Resource\default\Buttons\group\openleftdown.glb
2007/03/07 11:30:03 DropFile:	C:\Program Files\SourceTec\Sothink Glanda\Resource\default\Buttons\group\metal5.glb
2007/03/07 17:17:35 DropFile:	C:\Program Files\SourceTec\Sothink Glanda\Resource\default\Shapes\Love and Wedding\shape43.gls
2007/03/07 17:22:26 DropFile:	C:\Program Files\SourceTec\Sothink Glanda\Resource\default\Shapes\Love and Wedding\shape29w.gls
2007/03/16 17:18:10 DropFile:	C:\Program Files\SourceTec\Sothink Glanda\Resource\default\Shapes\Love and Wedding\shape29w.gls
2007/03/16 17:18:52 DropFile:	C:\Program Files\SourceTec\Sothink Glanda\Resource\default\Buttons\misc\diffusebutton2.glb
2007/03/16 17:19:06 DropFile:	C:\Program Files\SourceTec\Sothink Glanda\Resource\default\Shapes\Love and Wedding\shape29w.gls
2007/03/16 17:26:00 DropFile:	C:\Program Files\SourceTec\Sothink Glanda\Resource\default\Shapes\Love and Wedding\shape29w.gls
2007/03/16 17:26:09 DropFile:	C:\Program Files\SourceTec\Sothink Glanda\Resource\default\Shapes\Love and Wedding\shape29w.gls
2007/03/16 17:26:13 DropFile:	C:\Program Files\SourceTec\Sothink Glanda\Resource\default\Shapes\Love and Wedding\Symbol 1.gls
2007/03/16 17:26:17 DropFile:	C:\Program Files\SourceTec\Sothink Glanda\Resource\default\Shapes\Love and Wedding\shape29w.gls
2007/03/16 17:26:21 DropFile:	C:\Program Files\SourceTec\Sothink Glanda\Resource\default\Shapes\Love and Wedding\Symbol 10.gls
2007/03/19 15:57:46 DropFile:	C:\Program Files\SourceTec\Sothink Glanda\Resource\default\Shapes\Holiday\shape3.gls
2007/03/19 15:57:59 DropFile:	C:\Program Files\SourceTec\Sothink Glanda\Resource\default\Shapes\Holiday\shape47.gls
2007/03/19 16:12:18 DropFile:	C:\Program Files\SourceTec\Sothink Glanda\Resource\default\Shapes\Holiday\shape37.gls
2007/03/19 16:12:59 DropFile:	C:\Program Files\SourceTec\Sothink Glanda\Resource\default\Shapes\Holiday\shape475.gls
2007/03/20 17:36:40 DropFile:	C:\Program Files\SourceTec\Sothink Glanda\Resource\Cache\{3EF5B931-E1D1-418D-A735-D31270728EE7}\movieclips\Symbol 154.glm
2007/03/21 09:56:30 DropFile:	C:\Program Files\SourceTec\Sothink Glanda\Resource\default\Shapes\Holiday\animals2.gls
2007/03/21 09:57:30 DropFile:	C:\Program Files\SourceTec\Sothink Glanda\Resource\default\Shapes\Holiday\animals2.gls
2007/03/21 14:23:14 DropFile:	C:\Program Files\SourceTec\Sothink Glanda\Resource\default\Shapes\bullet\shape1.gls
2007/03/21 14:23:15 DropFile:	C:\Program Files\SourceTec\Sothink Glanda\Resource\default\Shapes\bullet\shape15.gls
2007/03/21 14:23:17 DropFile:	C:\Program Files\SourceTec\Sothink Glanda\Resource\default\Shapes\bullet\shape13.gls
2007/03/21 14:23:19 DropFile:	C:\Program Files\SourceTec\Sothink Glanda\Resource\default\Shapes\bullet\shape17.gls
2007/03/21 14:52:54 DropFile:	C:\Program Files\SourceTec\Sothink Glanda\Resource\default\Shapes\bullet\shape10.gls
2007/03/21 14:53:01 DropFile:	C:\Program Files\SourceTec\Sothink Glanda\Resource\default\Buttons\misc\crystal.glb
2007/03/21 14:53:02 DropFile:	C:\Program Files\SourceTec\Sothink Glanda\Resource\default\Buttons\misc\special.glb
2007/03/21 15:00:25 DropFile:	C:\Program Files\SourceTec\Sothink Glanda\Resource\default\Shapes\buttons\shape100.gls
2007/03/21 15:00:26 DropFile:	C:\Program Files\SourceTec\Sothink Glanda\Resource\default\Shapes\buttons\shape106.gls
2007/03/21 15:00:29 DropFile:	C:\Program Files\SourceTec\Sothink Glanda\Resource\default\Shapes\buttons\shape11.gls
2007/03/21 15:07:11 DropFile:	C:\Program Files\SourceTec\Sothink Glanda\Resource\default\Shapes\Holiday\animals31.gls
2007/03/21 15:07:14 DropFile:	C:\Program Files\SourceTec\Sothink Glanda\Resource\default\Shapes\Holiday\animals40.gls
2007/03/23 10:46:27 DropFile:	C:\Program Files\SourceTec\Sothink Glanda\Resource\default\Shapes\Holiday\animals31.gls
